<?xml version="1.0" encoding="UTF-8"?>
<!-- Generated by org.testng.reporters.JUnitReportReporter -->
<testsuite hostname="SHASH" failures="0" tests="1" name="claims.Creating_a_EEOC_Claim" time="64.554" errors="0" timestamp="2023-12-12T11:20:36 IST" skipped="0">
  <testcase classname="claims.Creating_a_EEOC_Claim" name="submittingaEEOCForm" time="64.554"/>
  <system-out>
    <![CDATA[Captured Data of Entered By Text box in EEOC New Claim is System Admin
Title Textbox is provided for attachment popup
File Choosen button is provided for attachment popup for EEOC Claim
File Upload button is provided for attachment popup for EEOC Claim
Sucessfully Added a attachment to the EEOC Claim
Verifyed action arrow button for EEOC Claim in Claim list page
Delete button is provided for attachment popup for EEOC Claim
Attachement removed Successfully for EEOC Claim×
Close
Attachment has been removed
File Choosen button is provided for Add Expense/Settlement popup for EEOC Claim]]>
  </system-out>
</testsuite> <!-- claims.Creating_a_EEOC_Claim -->
