<?xml version="1.0" encoding="UTF-8"?>
<!-- Generated by org.testng.reporters.JUnitReportReporter -->
<testsuite hostname="SHASH" failures="0" tests="1" name="claims.Creating_a_Professional_Liability_Claim" time="59.984" errors="0" timestamp="2023-12-19T13:08:45 IST" skipped="0">
  <testcase classname="claims.Creating_a_Professional_Liability_Claim" name="submittingaEEOCForm" time="59.984"/>
  <system-out>
    <![CDATA[Captured Data of Entered By Text box in EEOC New Claim is System Admin
Title Textbox is provided for attachment popup
File Choosen button is provided for attachment popup for Professional Liability Claim
File Upload button is provided for attachment popup for Professional Liability Claim
Sucessfully Added a attachment to the Professional Liability Claim
Verifyed action arrow button for Professional Liability Claim in Claim list page
Delete button is provided for attachment popup for Professional Liability Claim
Attachement removed Successfully for Professional Liability Claim×
Close
Attachment has been removed
File Choosen button is provided for Add Expense/Settlement popup for Professional Liability Claim]]>
  </system-out>
</testsuite> <!-- claims.Creating_a_Professional_Liability_Claim -->
