<?xml version="1.0" encoding="UTF-8"?>
<testng-results ignored="0" total="1" passed="1" failed="0" skipped="0">
  <reporter-output>
    <line>
      <![CDATA[Chrome Browser launched successfully]]>
    </line>
    <line>
      <![CDATA[Successfully navigated to the url]]>
    </line>
    <line>
      <![CDATA[UserId TextBox is provided in login page]]>
    </line>
    <line>
      <![CDATA[Place Holder is provided for UserId TextBox in login page]]>
    </line>
    <line>
      <![CDATA[Place Holder is provided for UserId TextBox in login page]]>
    </line>
    <line>
      <![CDATA[Clicked on Login button in login page]]>
    </line>
    <line>
      <![CDATA[Successfully navigated to home page of the application]]>
    </line>
    <line>
      <![CDATA[Successfully navigated to Incident Management System page]]>
    </line>
    <line>
      <![CDATA[Captured Data of Entered By Text box in EEOC New Claim is System Admin]]>
    </line>
    <line>
      <![CDATA[Title Textbox is provided for attachment popup]]>
    </line>
    <line>
      <![CDATA[File Choosen button is provided for attachment popup for EEOC Claim]]>
    </line>
    <line>
      <![CDATA[File Upload button is provided for attachment popup for EEOC Claim]]>
    </line>
    <line>
      <![CDATA[Sucessfully Added a attachment to the EEOC Claim]]>
    </line>
    <line>
      <![CDATA[Verifyed action arrow button for EEOC Claim in Claim list page]]>
    </line>
    <line>
      <![CDATA[Delete button is provided for attachment popup for EEOC Claim]]>
    </line>
    <line>
      <![CDATA[Attachement removed Successfully for EEOC Claim×
Close
Attachment has been removed]]>
    </line>
    <line>
      <![CDATA[File Choosen button is provided for Add Expense/Settlement popup for EEOC Claim]]>
    </line>
  </reporter-output>
  <suite started-at="2023-12-14T12:29:22 IST" name="Default suite" finished-at="2023-12-14T12:31:33 IST" duration-ms="131578">
    <groups>
    </groups>
    <test started-at="2023-12-14T12:29:22 IST" name="Default test" finished-at="2023-12-14T12:31:33 IST" duration-ms="131578">
      <class name="claims.Creating_a_EEOC_Claim">
        <test-method is-config="true" signature="initialiseExtendReports()[pri:0, instance:claims.Creating_a_EEOC_Claim@2ea41516]" started-at="2023-12-14T12:29:21 IST" name="initialiseExtendReports" finished-at="2023-12-14T12:29:22 IST" duration-ms="300" status="PASS">
          <reporter-output>
          </reporter-output>
        </test-method> <!-- initialiseExtendReports -->
        <test-method is-config="true" signature="driver(org.testng.ITestContext,java.lang.String)[pri:0, instance:claims.Creating_a_EEOC_Claim@2ea41516]" started-at="2023-12-14T12:29:22 IST" name="driver" finished-at="2023-12-14T12:30:07 IST" duration-ms="45789" status="PASS">
          <params>
            <param index="0">
              <value>
                <![CDATA[org.testng.TestRunner@146f3d22]]>
              </value>
            </param>
            <param index="1">
              <value>
                <![CDATA[chrome]]>
              </value>
            </param>
          </params>
          <reporter-output>
            <line>
              <![CDATA[Chrome Browser launched successfully]]>
            </line>
            <line>
              <![CDATA[Successfully navigated to the url]]>
            </line>
            <line>
              <![CDATA[UserId TextBox is provided in login page]]>
            </line>
            <line>
              <![CDATA[Place Holder is provided for UserId TextBox in login page]]>
            </line>
            <line>
              <![CDATA[Place Holder is provided for UserId TextBox in login page]]>
            </line>
            <line>
              <![CDATA[Clicked on Login button in login page]]>
            </line>
            <line>
              <![CDATA[Successfully navigated to home page of the application]]>
            </line>
            <line>
              <![CDATA[Successfully navigated to Incident Management System page]]>
            </line>
          </reporter-output>
        </test-method> <!-- driver -->
        <test-method signature="submittingaEEOCForm([Ljava.lang.String;)[pri:0, instance:claims.Creating_a_EEOC_Claim@2ea41516]" started-at="2023-12-14T12:30:08 IST" name="submittingaEEOCForm" data-provider="getData" finished-at="2023-12-14T12:31:33 IST" duration-ms="84876" status="PASS">
          <params>
            <param index="0">
              <value>
                <![CDATA[[Ljava.lang.String;@2b9aeedb]]>
              </value>
            </param>
          </params>
          <reporter-output>
            <line>
              <![CDATA[Captured Data of Entered By Text box in EEOC New Claim is System Admin]]>
            </line>
            <line>
              <![CDATA[Title Textbox is provided for attachment popup]]>
            </line>
            <line>
              <![CDATA[File Choosen button is provided for attachment popup for EEOC Claim]]>
            </line>
            <line>
              <![CDATA[File Upload button is provided for attachment popup for EEOC Claim]]>
            </line>
            <line>
              <![CDATA[Sucessfully Added a attachment to the EEOC Claim]]>
            </line>
            <line>
              <![CDATA[Verifyed action arrow button for EEOC Claim in Claim list page]]>
            </line>
            <line>
              <![CDATA[Delete button is provided for attachment popup for EEOC Claim]]>
            </line>
            <line>
              <![CDATA[Attachement removed Successfully for EEOC Claim×
Close
Attachment has been removed]]>
            </line>
            <line>
              <![CDATA[File Choosen button is provided for Add Expense/Settlement popup for EEOC Claim]]>
            </line>
          </reporter-output>
        </test-method> <!-- submittingaEEOCForm -->
        <test-method is-config="true" signature="checkResult(java.lang.reflect.Method,org.testng.ITestResult)[pri:0, instance:claims.Creating_a_EEOC_Claim@2ea41516]" started-at="2023-12-14T12:31:33 IST" name="checkResult" finished-at="2023-12-14T12:31:33 IST" duration-ms="1" status="PASS">
          <params>
            <param index="0">
              <value>
                <![CDATA[public void claims.Creating_a_EEOC_Claim.submittingaEEOCForm(java.lang.String[]) throws java.lang.InterruptedException]]>
              </value>
            </param>
            <param index="1">
              <value>
                <![CDATA[[TestResult name=submittingaEEOCForm status=SUCCESS method=Creating_a_EEOC_Claim.submittingaEEOCForm([Ljava.lang.String;)[pri:0, instance:claims.Creating_a_EEOC_Claim@2ea41516] output=Captured Data of Entered By Text box in EEOC New Claim is System Admin]]]>
              </value>
            </param>
          </params>
          <reporter-output>
          </reporter-output>
        </test-method> <!-- checkResult -->
        <test-method is-config="true" signature="quit()[pri:0, instance:claims.Creating_a_EEOC_Claim@2ea41516]" started-at="2023-12-14T12:31:33 IST" name="quit" finished-at="2023-12-14T12:31:33 IST" duration-ms="276" status="PASS">
          <reporter-output>
          </reporter-output>
        </test-method> <!-- quit -->
        <test-method is-config="true" signature="generateExtentReports()[pri:0, instance:claims.Creating_a_EEOC_Claim@2ea41516]" started-at="2023-12-14T12:31:33 IST" name="generateExtentReports" finished-at="2023-12-14T12:31:34 IST" duration-ms="729" status="PASS">
          <reporter-output>
          </reporter-output>
        </test-method> <!-- generateExtentReports -->
      </class> <!-- claims.Creating_a_EEOC_Claim -->
    </test> <!-- Default test -->
  </suite> <!-- Default suite -->
</testng-results>
