<?xml version="1.0" encoding="UTF-8"?>
<!-- Generated by org.testng.reporters.JUnitXMLReporter -->
<testsuite ignored="0" hostname="SHASH" failures="0" tests="1" name="Creating a EEOC Claim adding attachment , Managing Expense/Settlement , Expense/Settlement Reserve " time="186.586" errors="0" timestamp="2023-12-12T11:15:44 IST">
  <testcase classname="claims.Creating_a_EEOC_Claim" name="submittingaEEOCForm" time="64.554"/>
</testsuite> <!-- Creating a EEOC Claim adding attachment , Managing Expense/Settlement , Expense/Settlement Reserve  -->
