<?xml version="1.0" encoding="UTF-8"?>
<!-- Generated by org.testng.reporters.JUnitXMLReporter -->
<testsuite ignored="0" hostname="SHASH" failures="0" tests="1" name="Creating a Professional Liability Claim adding attachment , Managing Expense/Settlement , Expense/Settlement Reserve " time="88.54" errors="0" timestamp="2023-12-12T11:17:13 IST">
  <testcase classname="claims.Creating_a_Professional_Liability_Claim" name="submittingaEEOCForm" time="72.274"/>
</testsuite> <!-- Creating a Professional Liability Claim adding attachment , Managing Expense/Settlement , Expense/Settlement Reserve  -->
