<?xml version="1.0" encoding="UTF-8"?>
<!-- Generated by org.testng.reporters.JUnitXMLReporter -->
<testsuite ignored="0" hostname="SHASH" failures="0" tests="1" name="Creating a General Liability Claim adding attachment , Managing Expense/Settlement , Expense/Settlement Reserve " time="82.741" errors="0" timestamp="2023-12-19T13:08:44 IST">
  <testcase classname="claims.Creating_a_General_Liability_Claim" name="submittingaEEOCForm" time="62.649"/>
</testsuite> <!-- Creating a General Liability Claim adding attachment , Managing Expense/Settlement , Expense/Settlement Reserve  -->
