<?xml version="1.0" encoding="UTF-8"?>
<!-- Generated by org.testng.reporters.JUnitXMLReporter -->
<testsuite ignored="0" hostname="SHASH" failures="0" tests="1" name="Verification of Dob Field In General Liability Claim" time="52.325" errors="0" timestamp="2023-12-12T11:20:36 IST">
  <testcase classname="Generic_Liberary.BaseClass" name="@AfterTest quit" time="0.434">
    <failure type="java.lang.AssertionError" message="The following asserts failed:
	DOB is not matching in Claim Details Page after updating for General Liability Claim expected [14/04/1998] but found [12/06/1999]">
      <![CDATA[java.lang.AssertionError: The following asserts failed:
DOB is not matching in Claim Details Page after updating for General Liability Claim expected [14/04/1998] but found [12/06/1999]
at Generic_Liberary.BaseClass.quit(BaseClass.java:294)
... Removed 26 stack frames]]>
    </failure>
  </testcase> <!-- @AfterTest quit -->
  <testcase classname="claims.Verification_of_Dob_Field_In_General_Liability" name="dobFieldforGeneralLiabilityClaim" time="30.922"/>
</testsuite> <!-- Verification of Dob Field In General Liability Claim -->
